[2026-06-11T02:52:43.109+0000] {local_task_job_runner.py:123} INFO - ::group::Pre task execution logs
[2026-06-11T02:52:43.127+0000] {taskinstance.py:2614} INFO - Dependencies all met for dep_context=non-requeueable deps ti=<TaskInstance: fuidp_pipeline.dq_gate manual__2026-06-11T02:52:35.019180+00:00 [queued]>
[2026-06-11T02:52:43.133+0000] {taskinstance.py:2614} INFO - Dependencies all met for dep_context=requeueable deps ti=<TaskInstance: fuidp_pipeline.dq_gate manual__2026-06-11T02:52:35.019180+00:00 [queued]>
[2026-06-11T02:52:43.134+0000] {taskinstance.py:2867} INFO - Starting attempt 1 of 3
[2026-06-11T02:52:43.143+0000] {taskinstance.py:2890} INFO - Executing <Task(SQLExecuteQueryOperator): dq_gate> on 2026-06-11 02:52:35.019180+00:00
[2026-06-11T02:52:43.149+0000] {standard_task_runner.py:104} INFO - Running: ['***', 'tasks', 'run', 'fuidp_pipeline', 'dq_gate', 'manual__2026-06-11T02:52:35.019180+00:00', '--job-id', '5', '--raw', '--subdir', 'DAGS_FOLDER/fuidp_pipeline_dag.py', '--cfg-path', '/tmp/tmpkcjka76r']
[2026-06-11T02:52:43.151+0000] {logging_mixin.py:190} WARNING - /home/***/.local/lib/python3.12/site-packages/***/task/task_runner/standard_task_runner.py:70 DeprecationWarning: This process (pid=212) is multi-threaded, use of fork() may lead to deadlocks in the child.
[2026-06-11T02:52:43.151+0000] {standard_task_runner.py:105} INFO - Job 5: Subtask dq_gate
[2026-06-11T02:52:43.152+0000] {standard_task_runner.py:72} INFO - Started process 213 to run task
[2026-06-11T02:52:43.196+0000] {task_command.py:467} INFO - Running <TaskInstance: fuidp_pipeline.dq_gate manual__2026-06-11T02:52:35.019180+00:00 [running]> on host b2aa93a10526
[2026-06-11T02:52:43.252+0000] {taskinstance.py:3134} INFO - Exporting env vars: AIRFLOW_CTX_DAG_OWNER='fuidp' AIRFLOW_CTX_DAG_ID='fuidp_pipeline' AIRFLOW_CTX_TASK_ID='dq_gate' AIRFLOW_CTX_EXECUTION_DATE='2026-06-11T02:52:35.019180+00:00' AIRFLOW_CTX_TRY_NUMBER='1' AIRFLOW_CTX_DAG_RUN_ID='manual__2026-06-11T02:52:35.019180+00:00'
[2026-06-11T02:52:43.253+0000] {taskinstance.py:732} INFO - ::endgroup::
[2026-06-11T02:52:43.263+0000] {sql.py:295} INFO - Executing: ['SELECT IFF(COUNT(*) > 0, 1, 1/0) AS dq_positions_not_empty FROM FUIDP.ANALYTICS.positions', 'SELECT IFF(COUNT(*) = 0, 1, 1/0) AS dq_no_null_account FROM FUIDP.ANALYTICS.positions WHERE account_id IS NULL', 'SELECT IFF(COUNT(*) = 0, 1, 1/0) AS dq_no_future_trades FROM FUIDP.ANALYTICS.positions WHERE last_trade_ts > CURRENT_TIMESTAMP()']
[2026-06-11T02:52:43.272+0000] {base.py:84} INFO - Retrieving connection 'snowflake_fuidp'
[2026-06-11T02:52:43.727+0000] {base.py:84} INFO - Retrieving connection 'snowflake_fuidp'
[2026-06-11T02:52:43.728+0000] {connection.py:424} INFO - Snowflake Connector for Python Version: 3.13.2, Python Version: 3.12.9, Platform: Linux-6.6.87.2-microsoft-standard-WSL2-x86_64-with-glibc2.36
[2026-06-11T02:52:43.728+0000] {connection.py:1213} INFO - Connecting to GLOBAL Snowflake domain
[2026-06-11T02:52:43.729+0000] {connection.py:1295} INFO - This connection is in OCSP Fail Open Mode. TLS Certificates would be checked for validity and revocation status. Any other Certificate Revocation related exceptions or OCSP Responder failures would be disregarded in favor of connectivity.
[2026-06-11T02:52:43.729+0000] {connection.py:1305} INFO - THIS CONNECTION IS IN INSECURE MODE. IT MEANS THE CERTIFICATE WILL BE VALIDATED BUT THE CERTIFICATE REVOCATION STATUS WILL NOT BE CHECKED.
[2026-06-11T02:52:43.820+0000] {ssl_wrap_socket.py:101} INFO - THIS CONNECTION IS IN INSECURE MODE. IT MEANS THE CERTIFICATE WILL BE VALIDATED BUT THE CERTIFICATE REVOCATION STATUS WILL NOT BE CHECKED.
[2026-06-11T02:52:44.105+0000] {sql.py:511} INFO - Running statement: SELECT IFF(COUNT(*) > 0, 1, 1/0) AS dq_positions_not_empty FROM FUIDP.ANALYTICS.positions, parameters: None
[2026-06-11T02:52:44.273+0000] {sql.py:520} INFO - Rows affected: 1
[2026-06-11T02:52:44.278+0000] {logging_mixin.py:190} WARNING - /home/***/.local/lib/python3.12/site-packages/***/providers/snowflake/hooks/snowflake.py:438 DeprecationWarning: Import of fetch_all_handler from the '***.providers.common.sql.hooks' module is deprecated and will
be removed in the future. Please import it from '***.providers.common.sql.hooks.handlers'.
[2026-06-11T02:52:44.279+0000] {logging_mixin.py:190} WARNING - /home/***/.local/lib/python3.12/site-packages/***/providers/snowflake/hooks/snowflake.py:439 DeprecationWarning: Import of return_single_query_results from the '***.providers.common.sql.hooks' module is deprecated and will
be removed in the future. Please import it from '***.providers.common.sql.hooks.handlers'.
[2026-06-11T02:52:44.279+0000] {snowflake.py:447} INFO - Rows affected: 1
[2026-06-11T02:52:44.280+0000] {snowflake.py:448} INFO - Snowflake query id: 01c4f80c-0001-fe6e-000d-d9e2000591c2
[2026-06-11T02:52:44.280+0000] {sql.py:511} INFO - Running statement: SELECT IFF(COUNT(*) = 0, 1, 1/0) AS dq_no_null_account FROM FUIDP.ANALYTICS.positions WHERE account_id IS NULL, parameters: None
[2026-06-11T02:52:44.367+0000] {sql.py:520} INFO - Rows affected: 1
[2026-06-11T02:52:44.367+0000] {snowflake.py:447} INFO - Rows affected: 1
[2026-06-11T02:52:44.368+0000] {snowflake.py:448} INFO - Snowflake query id: 01c4f80c-0001-fe6e-000d-d9e2000591c6
[2026-06-11T02:52:44.368+0000] {sql.py:511} INFO - Running statement: SELECT IFF(COUNT(*) = 0, 1, 1/0) AS dq_no_future_trades FROM FUIDP.ANALYTICS.positions WHERE last_trade_ts > CURRENT_TIMESTAMP(), parameters: None
[2026-06-11T02:52:44.561+0000] {sql.py:520} INFO - Rows affected: 1
[2026-06-11T02:52:44.563+0000] {snowflake.py:447} INFO - Rows affected: 1
[2026-06-11T02:52:44.565+0000] {snowflake.py:448} INFO - Snowflake query id: 01c4f80c-0001-ff0f-000d-d9e20005a2fa
[2026-06-11T02:52:44.660+0000] {connection.py:803} INFO - closed
[2026-06-11T02:52:44.708+0000] {connection.py:809} INFO - No async queries seem to be running, deleting session
[2026-06-11T02:52:44.768+0000] {logging_mixin.py:190} WARNING - /home/***/.local/lib/python3.12/site-packages/***/providers/snowflake/hooks/snowflake.py:457 DeprecationWarning: Import of return_single_query_results from the '***.providers.common.sql.hooks' module is deprecated and will
be removed in the future. Please import it from '***.providers.common.sql.hooks.handlers'.
[2026-06-11T02:52:44.770+0000] {logging_mixin.py:190} WARNING - /home/***/.local/lib/python3.12/site-packages/***/providers/common/sql/operators/sql.py:311 DeprecationWarning: Import of return_single_query_results from the '***.providers.common.sql.hooks' module is deprecated and will
be removed in the future. Please import it from '***.providers.common.sql.hooks.handlers'.
[2026-06-11T02:52:44.771+0000] {sql.py:317} INFO - result: [[(Decimal('1.000000'),)], [(Decimal('1.000000'),)], [(Decimal('1.000000'),)]]
[2026-06-11T02:52:44.790+0000] {taskinstance.py:341} INFO - ::group::Post task execution logs
[2026-06-11T02:52:44.790+0000] {taskinstance.py:353} INFO - Marking task as SUCCESS. dag_id=fuidp_pipeline, task_id=dq_gate, run_id=manual__2026-06-11T02:52:35.019180+00:00, execution_date=20260611T025235, start_date=20260611T025243, end_date=20260611T025244
[2026-06-11T02:52:44.855+0000] {local_task_job_runner.py:266} INFO - Task exited with return code 0
[2026-06-11T02:52:44.879+0000] {taskinstance.py:3901} INFO - 1 downstream tasks scheduled from follow-on schedule check
[2026-06-11T02:52:44.881+0000] {local_task_job_runner.py:245} INFO - ::endgroup::
