[2026-06-11T02:52:39.820+0000] {local_task_job_runner.py:123} INFO - ::group::Pre task execution logs
[2026-06-11T02:52:39.837+0000] {taskinstance.py:2614} INFO - Dependencies all met for dep_context=non-requeueable deps ti=<TaskInstance: fuidp_pipeline.transform_positions manual__2026-06-11T02:52:35.019180+00:00 [queued]>
[2026-06-11T02:52:39.843+0000] {taskinstance.py:2614} INFO - Dependencies all met for dep_context=requeueable deps ti=<TaskInstance: fuidp_pipeline.transform_positions manual__2026-06-11T02:52:35.019180+00:00 [queued]>
[2026-06-11T02:52:39.843+0000] {taskinstance.py:2867} INFO - Starting attempt 1 of 3
[2026-06-11T02:52:39.852+0000] {taskinstance.py:2890} INFO - Executing <Task(SQLExecuteQueryOperator): transform_positions> on 2026-06-11 02:52:35.019180+00:00
[2026-06-11T02:52:39.859+0000] {standard_task_runner.py:104} INFO - Running: ['***', 'tasks', 'run', 'fuidp_pipeline', 'transform_positions', 'manual__2026-06-11T02:52:35.019180+00:00', '--job-id', '4', '--raw', '--subdir', 'DAGS_FOLDER/fuidp_pipeline_dag.py', '--cfg-path', '/tmp/tmp15qwr4wx']
[2026-06-11T02:52:39.861+0000] {standard_task_runner.py:105} INFO - Job 4: Subtask transform_positions
[2026-06-11T02:52:39.861+0000] {logging_mixin.py:190} WARNING - /home/***/.local/lib/python3.12/site-packages/***/task/task_runner/standard_task_runner.py:70 DeprecationWarning: This process (pid=207) is multi-threaded, use of fork() may lead to deadlocks in the child.
[2026-06-11T02:52:39.862+0000] {standard_task_runner.py:72} INFO - Started process 208 to run task
[2026-06-11T02:52:39.904+0000] {task_command.py:467} INFO - Running <TaskInstance: fuidp_pipeline.transform_positions manual__2026-06-11T02:52:35.019180+00:00 [running]> on host b2aa93a10526
[2026-06-11T02:52:39.961+0000] {taskinstance.py:3134} INFO - Exporting env vars: AIRFLOW_CTX_DAG_OWNER='fuidp' AIRFLOW_CTX_DAG_ID='fuidp_pipeline' AIRFLOW_CTX_TASK_ID='transform_positions' AIRFLOW_CTX_EXECUTION_DATE='2026-06-11T02:52:35.019180+00:00' AIRFLOW_CTX_TRY_NUMBER='1' AIRFLOW_CTX_DAG_RUN_ID='manual__2026-06-11T02:52:35.019180+00:00'
[2026-06-11T02:52:39.962+0000] {taskinstance.py:732} INFO - ::endgroup::
[2026-06-11T02:52:39.973+0000] {sql.py:295} INFO - Executing: ['\n    CREATE TABLE IF NOT EXISTS FUIDP.ANALYTICS.positions (\n      account_id    STRING,\n      symbol        STRING,\n      net_quantity  NUMBER,\n      last_trade_ts TIMESTAMP_NTZ,\n      updated_at    TIMESTAMP_NTZ\n    )\n    ', "\n    MERGE INTO FUIDP.ANALYTICS.positions p\n    USING (\n      SELECT account_id, symbol,\n             SUM(IFF(side='BUY', quantity, -quantity)) AS net_quantity,\n             MAX(trade_ts) AS last_trade_ts\n      FROM FUIDP.RAW.trades_stream\n      GROUP BY account_id, symbol\n    ) s\n    ON p.account_id = s.account_id AND p.symbol = s.symbol\n    WHEN MATCHED THEN UPDATE SET\n      net_quantity  = s.net_quantity,\n      last_trade_ts = s.last_trade_ts,\n      updated_at    = CURRENT_TIMESTAMP()\n    WHEN NOT MATCHED THEN INSERT\n      (account_id, symbol, net_quantity, last_trade_ts, updated_at)\n      VALUES (s.account_id, s.symbol, s.net_quantity, s.last_trade_ts, CURRENT_TIMESTAMP())\n    "]
[2026-06-11T02:52:39.982+0000] {base.py:84} INFO - Retrieving connection 'snowflake_fuidp'
[2026-06-11T02:52:40.442+0000] {base.py:84} INFO - Retrieving connection 'snowflake_fuidp'
[2026-06-11T02:52:40.442+0000] {connection.py:424} INFO - Snowflake Connector for Python Version: 3.13.2, Python Version: 3.12.9, Platform: Linux-6.6.87.2-microsoft-standard-WSL2-x86_64-with-glibc2.36
[2026-06-11T02:52:40.443+0000] {connection.py:1213} INFO - Connecting to GLOBAL Snowflake domain
[2026-06-11T02:52:40.443+0000] {connection.py:1295} INFO - This connection is in OCSP Fail Open Mode. TLS Certificates would be checked for validity and revocation status. Any other Certificate Revocation related exceptions or OCSP Responder failures would be disregarded in favor of connectivity.
[2026-06-11T02:52:40.444+0000] {connection.py:1305} INFO - THIS CONNECTION IS IN INSECURE MODE. IT MEANS THE CERTIFICATE WILL BE VALIDATED BUT THE CERTIFICATE REVOCATION STATUS WILL NOT BE CHECKED.
[2026-06-11T02:52:40.532+0000] {ssl_wrap_socket.py:101} INFO - THIS CONNECTION IS IN INSECURE MODE. IT MEANS THE CERTIFICATE WILL BE VALIDATED BUT THE CERTIFICATE REVOCATION STATUS WILL NOT BE CHECKED.
[2026-06-11T02:52:40.997+0000] {sql.py:511} INFO - Running statement: 
    CREATE TABLE IF NOT EXISTS FUIDP.ANALYTICS.positions (
      account_id    STRING,
      symbol        STRING,
      net_quantity  NUMBER,
      last_trade_ts TIMESTAMP_NTZ,
      updated_at    TIMESTAMP_NTZ
    )
    , parameters: None
[2026-06-11T02:52:41.105+0000] {sql.py:520} INFO - Rows affected: 1
[2026-06-11T02:52:41.114+0000] {logging_mixin.py:190} WARNING - /home/***/.local/lib/python3.12/site-packages/***/providers/snowflake/hooks/snowflake.py:438 DeprecationWarning: Import of fetch_all_handler from the '***.providers.common.sql.hooks' module is deprecated and will
be removed in the future. Please import it from '***.providers.common.sql.hooks.handlers'.
[2026-06-11T02:52:41.115+0000] {logging_mixin.py:190} WARNING - /home/***/.local/lib/python3.12/site-packages/***/providers/snowflake/hooks/snowflake.py:439 DeprecationWarning: Import of return_single_query_results from the '***.providers.common.sql.hooks' module is deprecated and will
be removed in the future. Please import it from '***.providers.common.sql.hooks.handlers'.
[2026-06-11T02:52:41.116+0000] {snowflake.py:447} INFO - Rows affected: 1
[2026-06-11T02:52:41.116+0000] {snowflake.py:448} INFO - Snowflake query id: 01c4f80c-0001-ff0d-000d-d9e20005b2aa
[2026-06-11T02:52:41.116+0000] {sql.py:511} INFO - Running statement: 
    MERGE INTO FUIDP.ANALYTICS.positions p
    USING (
      SELECT account_id, symbol,
             SUM(IFF(side='BUY', quantity, -quantity)) AS net_quantity,
             MAX(trade_ts) AS last_trade_ts
      FROM FUIDP.RAW.trades_stream
      GROUP BY account_id, symbol
    ) s
    ON p.account_id = s.account_id AND p.symbol = s.symbol
    WHEN MATCHED THEN UPDATE SET
      net_quantity  = s.net_quantity,
      last_trade_ts = s.last_trade_ts,
      updated_at    = CURRENT_TIMESTAMP()
    WHEN NOT MATCHED THEN INSERT
      (account_id, symbol, net_quantity, last_trade_ts, updated_at)
      VALUES (s.account_id, s.symbol, s.net_quantity, s.last_trade_ts, CURRENT_TIMESTAMP())
    , parameters: None
[2026-06-11T02:52:42.306+0000] {sql.py:520} INFO - Rows affected: 1149
[2026-06-11T02:52:42.307+0000] {snowflake.py:447} INFO - Rows affected: 1149
[2026-06-11T02:52:42.307+0000] {snowflake.py:448} INFO - Snowflake query id: 01c4f80c-0001-ff12-000d-d9e20005c13a
[2026-06-11T02:52:42.544+0000] {connection.py:803} INFO - closed
[2026-06-11T02:52:42.594+0000] {connection.py:809} INFO - No async queries seem to be running, deleting session
[2026-06-11T02:52:42.654+0000] {logging_mixin.py:190} WARNING - /home/***/.local/lib/python3.12/site-packages/***/providers/snowflake/hooks/snowflake.py:457 DeprecationWarning: Import of return_single_query_results from the '***.providers.common.sql.hooks' module is deprecated and will
be removed in the future. Please import it from '***.providers.common.sql.hooks.handlers'.
[2026-06-11T02:52:42.655+0000] {logging_mixin.py:190} WARNING - /home/***/.local/lib/python3.12/site-packages/***/providers/common/sql/operators/sql.py:311 DeprecationWarning: Import of return_single_query_results from the '***.providers.common.sql.hooks' module is deprecated and will
be removed in the future. Please import it from '***.providers.common.sql.hooks.handlers'.
[2026-06-11T02:52:42.656+0000] {sql.py:317} INFO - result: [[('POSITIONS already exists, statement succeeded.',)], [(910, 239)]]
[2026-06-11T02:52:42.675+0000] {taskinstance.py:341} INFO - ::group::Post task execution logs
[2026-06-11T02:52:42.675+0000] {taskinstance.py:353} INFO - Marking task as SUCCESS. dag_id=fuidp_pipeline, task_id=transform_positions, run_id=manual__2026-06-11T02:52:35.019180+00:00, execution_date=20260611T025235, start_date=20260611T025239, end_date=20260611T025242
[2026-06-11T02:52:42.734+0000] {local_task_job_runner.py:266} INFO - Task exited with return code 0
[2026-06-11T02:52:42.754+0000] {taskinstance.py:3901} INFO - 1 downstream tasks scheduled from follow-on schedule check
[2026-06-11T02:52:42.756+0000] {local_task_job_runner.py:245} INFO - ::endgroup::
