[2026-06-11T02:52:48.181+0000] {local_task_job_runner.py:123} INFO - ::group::Pre task execution logs
[2026-06-11T02:52:48.198+0000] {taskinstance.py:2614} INFO - Dependencies all met for dep_context=non-requeueable deps ti=<TaskInstance: fuidp_pipeline.notify manual__2026-06-11T02:52:35.019180+00:00 [queued]>
[2026-06-11T02:52:48.205+0000] {taskinstance.py:2614} INFO - Dependencies all met for dep_context=requeueable deps ti=<TaskInstance: fuidp_pipeline.notify manual__2026-06-11T02:52:35.019180+00:00 [queued]>
[2026-06-11T02:52:48.206+0000] {taskinstance.py:2867} INFO - Starting attempt 1 of 3
[2026-06-11T02:52:48.214+0000] {taskinstance.py:2890} INFO - Executing <Task(BashOperator): notify> on 2026-06-11 02:52:35.019180+00:00
[2026-06-11T02:52:48.221+0000] {standard_task_runner.py:104} INFO - Running: ['***', 'tasks', 'run', 'fuidp_pipeline', 'notify', 'manual__2026-06-11T02:52:35.019180+00:00', '--job-id', '7', '--raw', '--subdir', 'DAGS_FOLDER/fuidp_pipeline_dag.py', '--cfg-path', '/tmp/tmpuckv9gyy']
[2026-06-11T02:52:48.223+0000] {standard_task_runner.py:105} INFO - Job 7: Subtask notify
[2026-06-11T02:52:48.223+0000] {logging_mixin.py:190} WARNING - /home/***/.local/lib/python3.12/site-packages/***/task/task_runner/standard_task_runner.py:70 DeprecationWarning: This process (pid=222) is multi-threaded, use of fork() may lead to deadlocks in the child.
[2026-06-11T02:52:48.224+0000] {standard_task_runner.py:72} INFO - Started process 223 to run task
[2026-06-11T02:52:48.268+0000] {task_command.py:467} INFO - Running <TaskInstance: fuidp_pipeline.notify manual__2026-06-11T02:52:35.019180+00:00 [running]> on host b2aa93a10526
[2026-06-11T02:52:48.327+0000] {taskinstance.py:3134} INFO - Exporting env vars: AIRFLOW_CTX_DAG_OWNER='fuidp' AIRFLOW_CTX_DAG_ID='fuidp_pipeline' AIRFLOW_CTX_TASK_ID='notify' AIRFLOW_CTX_EXECUTION_DATE='2026-06-11T02:52:35.019180+00:00' AIRFLOW_CTX_TRY_NUMBER='1' AIRFLOW_CTX_DAG_RUN_ID='manual__2026-06-11T02:52:35.019180+00:00'
[2026-06-11T02:52:48.328+0000] {taskinstance.py:732} INFO - ::endgroup::
[2026-06-11T02:52:48.341+0000] {subprocess.py:78} INFO - Tmp dir root location: /tmp
[2026-06-11T02:52:48.342+0000] {subprocess.py:88} INFO - Running command: ['/usr/bin/bash', '-c', 'echo "FUIDP pipeline run complete: $(date -u +%Y-%m-%dT%H:%M:%SZ)"']
[2026-06-11T02:52:48.349+0000] {subprocess.py:99} INFO - Output:
[2026-06-11T02:52:48.356+0000] {subprocess.py:106} INFO - FUIDP pipeline run complete: 2026-06-11T02:52:48Z
[2026-06-11T02:52:48.357+0000] {subprocess.py:110} INFO - Command exited with return code 0
[2026-06-11T02:52:48.377+0000] {taskinstance.py:341} INFO - ::group::Post task execution logs
[2026-06-11T02:52:48.378+0000] {taskinstance.py:353} INFO - Marking task as SUCCESS. dag_id=fuidp_pipeline, task_id=notify, run_id=manual__2026-06-11T02:52:35.019180+00:00, execution_date=20260611T025235, start_date=20260611T025248, end_date=20260611T025248
[2026-06-11T02:52:48.438+0000] {local_task_job_runner.py:266} INFO - Task exited with return code 0
[2026-06-11T02:52:48.452+0000] {taskinstance.py:3901} INFO - 0 downstream tasks scheduled from follow-on schedule check
[2026-06-11T02:52:48.454+0000] {local_task_job_runner.py:245} INFO - ::endgroup::
