[2026-06-11T02:52:45.009+0000] {local_task_job_runner.py:123} INFO - ::group::Pre task execution logs
[2026-06-11T02:52:45.025+0000] {taskinstance.py:2614} INFO - Dependencies all met for dep_context=non-requeueable deps ti=<TaskInstance: fuidp_pipeline.refresh_analytics manual__2026-06-11T02:52:35.019180+00:00 [queued]>
[2026-06-11T02:52:45.031+0000] {taskinstance.py:2614} INFO - Dependencies all met for dep_context=requeueable deps ti=<TaskInstance: fuidp_pipeline.refresh_analytics manual__2026-06-11T02:52:35.019180+00:00 [queued]>
[2026-06-11T02:52:45.032+0000] {taskinstance.py:2867} INFO - Starting attempt 1 of 3
[2026-06-11T02:52:45.040+0000] {taskinstance.py:2890} INFO - Executing <Task(SQLExecuteQueryOperator): refresh_analytics> on 2026-06-11 02:52:35.019180+00:00
[2026-06-11T02:52:45.046+0000] {standard_task_runner.py:104} INFO - Running: ['***', 'tasks', 'run', 'fuidp_pipeline', 'refresh_analytics', 'manual__2026-06-11T02:52:35.019180+00:00', '--job-id', '6', '--raw', '--subdir', 'DAGS_FOLDER/fuidp_pipeline_dag.py', '--cfg-path', '/tmp/tmpvcwa_mpr']
[2026-06-11T02:52:45.048+0000] {standard_task_runner.py:105} INFO - Job 6: Subtask refresh_analytics
[2026-06-11T02:52:45.048+0000] {logging_mixin.py:190} WARNING - /home/***/.local/lib/python3.12/site-packages/***/task/task_runner/standard_task_runner.py:70 DeprecationWarning: This process (pid=217) is multi-threaded, use of fork() may lead to deadlocks in the child.
[2026-06-11T02:52:45.049+0000] {standard_task_runner.py:72} INFO - Started process 218 to run task
[2026-06-11T02:52:45.090+0000] {task_command.py:467} INFO - Running <TaskInstance: fuidp_pipeline.refresh_analytics manual__2026-06-11T02:52:35.019180+00:00 [running]> on host b2aa93a10526
[2026-06-11T02:52:45.144+0000] {taskinstance.py:3134} INFO - Exporting env vars: AIRFLOW_CTX_DAG_OWNER='fuidp' AIRFLOW_CTX_DAG_ID='fuidp_pipeline' AIRFLOW_CTX_TASK_ID='refresh_analytics' AIRFLOW_CTX_EXECUTION_DATE='2026-06-11T02:52:35.019180+00:00' AIRFLOW_CTX_TRY_NUMBER='1' AIRFLOW_CTX_DAG_RUN_ID='manual__2026-06-11T02:52:35.019180+00:00'
[2026-06-11T02:52:45.145+0000] {taskinstance.py:732} INFO - ::endgroup::
[2026-06-11T02:52:45.156+0000] {sql.py:295} INFO - Executing: 
CREATE OR REPLACE TABLE FUIDP.ANALYTICS.portfolio_valuation AS
SELECT p.account_id,
       SUM(p.net_quantity * m.price) AS market_value
FROM FUIDP.ANALYTICS.positions p
JOIN (
  SELECT symbol, MAX_BY(price, event_ts) AS price
  FROM FUIDP.STAGING.market_ticks
  GROUP BY symbol
) m ON p.symbol = m.symbol
GROUP BY p.account_id;
[2026-06-11T02:52:45.165+0000] {base.py:84} INFO - Retrieving connection 'snowflake_fuidp'
[2026-06-11T02:52:45.731+0000] {base.py:84} INFO - Retrieving connection 'snowflake_fuidp'
[2026-06-11T02:52:45.732+0000] {connection.py:424} INFO - Snowflake Connector for Python Version: 3.13.2, Python Version: 3.12.9, Platform: Linux-6.6.87.2-microsoft-standard-WSL2-x86_64-with-glibc2.36
[2026-06-11T02:52:45.733+0000] {connection.py:1213} INFO - Connecting to GLOBAL Snowflake domain
[2026-06-11T02:52:45.733+0000] {connection.py:1295} INFO - This connection is in OCSP Fail Open Mode. TLS Certificates would be checked for validity and revocation status. Any other Certificate Revocation related exceptions or OCSP Responder failures would be disregarded in favor of connectivity.
[2026-06-11T02:52:45.733+0000] {connection.py:1305} INFO - THIS CONNECTION IS IN INSECURE MODE. IT MEANS THE CERTIFICATE WILL BE VALIDATED BUT THE CERTIFICATE REVOCATION STATUS WILL NOT BE CHECKED.
[2026-06-11T02:52:45.824+0000] {ssl_wrap_socket.py:101} INFO - THIS CONNECTION IS IN INSECURE MODE. IT MEANS THE CERTIFICATE WILL BE VALIDATED BUT THE CERTIFICATE REVOCATION STATUS WILL NOT BE CHECKED.
[2026-06-11T02:52:46.080+0000] {sql.py:511} INFO - Running statement: CREATE OR REPLACE TABLE FUIDP.ANALYTICS.portfolio_valuation AS
SELECT p.account_id,
       SUM(p.net_quantity * m.price) AS market_value
FROM FUIDP.ANALYTICS.positions p
JOIN (
  SELECT symbol, MAX_BY(price, event_ts) AS price
  FROM FUIDP.STAGING.market_ticks
  GROUP BY symbol
) m ON p.symbol = m.symbol
GROUP BY p.account_id;, parameters: None
[2026-06-11T02:52:46.898+0000] {sql.py:520} INFO - Rows affected: 1
[2026-06-11T02:52:46.903+0000] {logging_mixin.py:190} WARNING - /home/***/.local/lib/python3.12/site-packages/***/providers/snowflake/hooks/snowflake.py:438 DeprecationWarning: Import of fetch_all_handler from the '***.providers.common.sql.hooks' module is deprecated and will
be removed in the future. Please import it from '***.providers.common.sql.hooks.handlers'.
[2026-06-11T02:52:46.904+0000] {logging_mixin.py:190} WARNING - /home/***/.local/lib/python3.12/site-packages/***/providers/snowflake/hooks/snowflake.py:439 DeprecationWarning: Import of return_single_query_results from the '***.providers.common.sql.hooks' module is deprecated and will
be removed in the future. Please import it from '***.providers.common.sql.hooks.handlers'.
[2026-06-11T02:52:46.905+0000] {snowflake.py:447} INFO - Rows affected: 1
[2026-06-11T02:52:46.905+0000] {snowflake.py:448} INFO - Snowflake query id: 01c4f80c-0001-ff0d-000d-d9e20005b2b2
[2026-06-11T02:52:46.976+0000] {connection.py:803} INFO - closed
[2026-06-11T02:52:47.029+0000] {connection.py:809} INFO - No async queries seem to be running, deleting session
[2026-06-11T02:52:47.088+0000] {logging_mixin.py:190} WARNING - /home/***/.local/lib/python3.12/site-packages/***/providers/snowflake/hooks/snowflake.py:457 DeprecationWarning: Import of return_single_query_results from the '***.providers.common.sql.hooks' module is deprecated and will
be removed in the future. Please import it from '***.providers.common.sql.hooks.handlers'.
[2026-06-11T02:52:47.090+0000] {logging_mixin.py:190} WARNING - /home/***/.local/lib/python3.12/site-packages/***/providers/common/sql/operators/sql.py:311 DeprecationWarning: Import of return_single_query_results from the '***.providers.common.sql.hooks' module is deprecated and will
be removed in the future. Please import it from '***.providers.common.sql.hooks.handlers'.
[2026-06-11T02:52:47.112+0000] {taskinstance.py:341} INFO - ::group::Post task execution logs
[2026-06-11T02:52:47.112+0000] {taskinstance.py:353} INFO - Marking task as SUCCESS. dag_id=fuidp_pipeline, task_id=refresh_analytics, run_id=manual__2026-06-11T02:52:35.019180+00:00, execution_date=20260611T025235, start_date=20260611T025245, end_date=20260611T025247
[2026-06-11T02:52:47.154+0000] {local_task_job_runner.py:266} INFO - Task exited with return code 0
[2026-06-11T02:52:47.171+0000] {taskinstance.py:3901} INFO - 1 downstream tasks scheduled from follow-on schedule check
[2026-06-11T02:52:47.172+0000] {local_task_job_runner.py:245} INFO - ::endgroup::
