[2026-06-11T02:26:38.968+0000] {manager.py:483} INFO - Processing files using up to 2 processes at a time 
[2026-06-11T02:26:38.969+0000] {manager.py:484} INFO - Process each file at most once every 30 seconds
[2026-06-11T02:26:38.969+0000] {manager.py:485} INFO - Checking for new files in /opt/airflow/dags every 300 seconds
[2026-06-11T02:26:38.969+0000] {manager.py:821} INFO - Searching for files in /opt/airflow/dags
[2026-06-11T02:26:38.984+0000] {manager.py:824} INFO - There are 1 files in /opt/airflow/dags
[2026-06-11T02:26:39.106+0000] {manager.py:997} INFO - 
================================================================================
DAG File Processing Stats

File Path                                  PID  Runtime      # DAGs    # Errors  Last Runtime    Last Run      Last # of DB Queries
---------------------------------------  -----  ---------  --------  ----------  --------------  ----------  ----------------------
/opt/airflow/dags/fuidp_pipeline_dag.py    192  0.02s             0           0                                                   0
================================================================================
[2026-06-11T02:27:09.274+0000] {manager.py:997} INFO - 
================================================================================
DAG File Processing Stats

File Path                                PID    Runtime      # DAGs    # Errors  Last Runtime    Last Run               Last # of DB Queries
---------------------------------------  -----  ---------  --------  ----------  --------------  -------------------  ----------------------
/opt/airflow/dags/fuidp_pipeline_dag.py                           1           0  0.36s           2026-06-11T02:26:39                      43
================================================================================
[2026-06-11T02:27:39.782+0000] {manager.py:997} INFO - 
================================================================================
DAG File Processing Stats

File Path                                  PID  Runtime      # DAGs    # Errors  Last Runtime    Last Run               Last # of DB Queries
---------------------------------------  -----  ---------  --------  ----------  --------------  -------------------  ----------------------
/opt/airflow/dags/fuidp_pipeline_dag.py    202  0.00s             1           0  0.10s           2026-06-11T02:27:09                      10
================================================================================
[2026-06-11T02:28:10.018+0000] {manager.py:997} INFO - 
================================================================================
DAG File Processing Stats

File Path                                  PID  Runtime      # DAGs    # Errors  Last Runtime    Last Run               Last # of DB Queries
---------------------------------------  -----  ---------  --------  ----------  --------------  -------------------  ----------------------
/opt/airflow/dags/fuidp_pipeline_dag.py    207  0.00s             1           0  0.10s           2026-06-11T02:27:39                      10
================================================================================
[2026-06-11T02:28:40.199+0000] {manager.py:997} INFO - 
================================================================================
DAG File Processing Stats

File Path                                  PID  Runtime      # DAGs    # Errors  Last Runtime    Last Run               Last # of DB Queries
---------------------------------------  -----  ---------  --------  ----------  --------------  -------------------  ----------------------
/opt/airflow/dags/fuidp_pipeline_dag.py    212  0.00s             1           0  0.10s           2026-06-11T02:28:10                      10
================================================================================
[2026-06-11T02:29:10.433+0000] {manager.py:997} INFO - 
================================================================================
DAG File Processing Stats

File Path                                  PID  Runtime      # DAGs    # Errors  Last Runtime    Last Run               Last # of DB Queries
---------------------------------------  -----  ---------  --------  ----------  --------------  -------------------  ----------------------
/opt/airflow/dags/fuidp_pipeline_dag.py    217  0.00s             1           0  0.10s           2026-06-11T02:28:40                      10
================================================================================
[2026-06-11T02:29:40.616+0000] {manager.py:997} INFO - 
================================================================================
DAG File Processing Stats

File Path                                  PID  Runtime      # DAGs    # Errors  Last Runtime    Last Run               Last # of DB Queries
---------------------------------------  -----  ---------  --------  ----------  --------------  -------------------  ----------------------
/opt/airflow/dags/fuidp_pipeline_dag.py    222  0.00s             1           0  0.10s           2026-06-11T02:29:10                      10
================================================================================
[2026-06-11T02:30:10.844+0000] {manager.py:997} INFO - 
================================================================================
DAG File Processing Stats

File Path                                  PID  Runtime      # DAGs    # Errors  Last Runtime    Last Run               Last # of DB Queries
---------------------------------------  -----  ---------  --------  ----------  --------------  -------------------  ----------------------
/opt/airflow/dags/fuidp_pipeline_dag.py    227  0.00s             1           0  0.10s           2026-06-11T02:29:40                      10
================================================================================
[2026-06-11T02:30:41.034+0000] {manager.py:997} INFO - 
================================================================================
DAG File Processing Stats

File Path                                  PID  Runtime      # DAGs    # Errors  Last Runtime    Last Run               Last # of DB Queries
---------------------------------------  -----  ---------  --------  ----------  --------------  -------------------  ----------------------
/opt/airflow/dags/fuidp_pipeline_dag.py    232  0.00s             1           0  0.10s           2026-06-11T02:30:10                      10
================================================================================
[2026-06-11T02:31:11.262+0000] {manager.py:997} INFO - 
================================================================================
DAG File Processing Stats

File Path                                  PID  Runtime      # DAGs    # Errors  Last Runtime    Last Run               Last # of DB Queries
---------------------------------------  -----  ---------  --------  ----------  --------------  -------------------  ----------------------
/opt/airflow/dags/fuidp_pipeline_dag.py    237  0.00s             1           0  0.10s           2026-06-11T02:30:41                      10
================================================================================
[2026-06-11T02:31:39.428+0000] {manager.py:821} INFO - Searching for files in /opt/airflow/dags
[2026-06-11T02:31:39.442+0000] {manager.py:824} INFO - There are 1 files in /opt/airflow/dags
[2026-06-11T02:31:41.471+0000] {manager.py:997} INFO - 
================================================================================
DAG File Processing Stats

File Path                                  PID  Runtime      # DAGs    # Errors  Last Runtime    Last Run               Last # of DB Queries
---------------------------------------  -----  ---------  --------  ----------  --------------  -------------------  ----------------------
/opt/airflow/dags/fuidp_pipeline_dag.py    242  0.00s             1           0  0.10s           2026-06-11T02:31:11                      10
================================================================================
[2026-06-11T02:32:11.681+0000] {manager.py:997} INFO - 
================================================================================
DAG File Processing Stats

File Path                                  PID  Runtime      # DAGs    # Errors  Last Runtime    Last Run               Last # of DB Queries
---------------------------------------  -----  ---------  --------  ----------  --------------  -------------------  ----------------------
/opt/airflow/dags/fuidp_pipeline_dag.py    247  0.00s             1           0  0.11s           2026-06-11T02:31:41                      10
================================================================================
[2026-06-11T02:32:41.918+0000] {manager.py:997} INFO - 
================================================================================
DAG File Processing Stats

File Path                                  PID  Runtime      # DAGs    # Errors  Last Runtime    Last Run               Last # of DB Queries
---------------------------------------  -----  ---------  --------  ----------  --------------  -------------------  ----------------------
/opt/airflow/dags/fuidp_pipeline_dag.py    252  0.00s             1           0  0.10s           2026-06-11T02:32:11                      10
================================================================================
[2026-06-11T02:33:12.185+0000] {manager.py:997} INFO - 
================================================================================
DAG File Processing Stats

File Path                                  PID  Runtime      # DAGs    # Errors  Last Runtime    Last Run               Last # of DB Queries
---------------------------------------  -----  ---------  --------  ----------  --------------  -------------------  ----------------------
/opt/airflow/dags/fuidp_pipeline_dag.py    257  0.00s             1           0  0.14s           2026-06-11T02:32:42                      10
================================================================================
[2026-06-11T02:33:42.515+0000] {manager.py:997} INFO - 
================================================================================
DAG File Processing Stats

File Path                                  PID  Runtime      # DAGs    # Errors  Last Runtime    Last Run               Last # of DB Queries
---------------------------------------  -----  ---------  --------  ----------  --------------  -------------------  ----------------------
/opt/airflow/dags/fuidp_pipeline_dag.py    262  0.00s             1           0  0.09s           2026-06-11T02:33:12                      10
================================================================================
[2026-06-11T02:34:12.758+0000] {manager.py:997} INFO - 
================================================================================
DAG File Processing Stats

File Path                                  PID  Runtime      # DAGs    # Errors  Last Runtime    Last Run               Last # of DB Queries
---------------------------------------  -----  ---------  --------  ----------  --------------  -------------------  ----------------------
/opt/airflow/dags/fuidp_pipeline_dag.py    267  0.00s             1           0  0.10s           2026-06-11T02:33:42                      10
================================================================================
[2026-06-11T02:34:43.011+0000] {manager.py:997} INFO - 
================================================================================
DAG File Processing Stats

File Path                                  PID  Runtime      # DAGs    # Errors  Last Runtime    Last Run               Last # of DB Queries
---------------------------------------  -----  ---------  --------  ----------  --------------  -------------------  ----------------------
/opt/airflow/dags/fuidp_pipeline_dag.py    272  0.00s             1           0  0.09s           2026-06-11T02:34:12                      10
================================================================================
[2026-06-11T02:35:13.347+0000] {manager.py:997} INFO - 
================================================================================
DAG File Processing Stats

File Path                                  PID  Runtime      # DAGs    # Errors  Last Runtime    Last Run               Last # of DB Queries
---------------------------------------  -----  ---------  --------  ----------  --------------  -------------------  ----------------------
/opt/airflow/dags/fuidp_pipeline_dag.py    277  0.00s             1           0  0.10s           2026-06-11T02:34:43                      10
================================================================================
[2026-06-11T02:35:43.620+0000] {manager.py:997} INFO - 
================================================================================
DAG File Processing Stats

File Path                                  PID  Runtime      # DAGs    # Errors  Last Runtime    Last Run               Last # of DB Queries
---------------------------------------  -----  ---------  --------  ----------  --------------  -------------------  ----------------------
/opt/airflow/dags/fuidp_pipeline_dag.py    282  0.00s             1           0  0.09s           2026-06-11T02:35:13                      10
================================================================================
[2026-06-11T02:36:13.928+0000] {manager.py:997} INFO - 
================================================================================
DAG File Processing Stats

File Path                                  PID  Runtime      # DAGs    # Errors  Last Runtime    Last Run               Last # of DB Queries
---------------------------------------  -----  ---------  --------  ----------  --------------  -------------------  ----------------------
/opt/airflow/dags/fuidp_pipeline_dag.py    287  0.00s             1           0  0.09s           2026-06-11T02:35:43                      10
================================================================================
[2026-06-11T02:36:40.260+0000] {manager.py:821} INFO - Searching for files in /opt/airflow/dags
[2026-06-11T02:36:40.271+0000] {manager.py:824} INFO - There are 1 files in /opt/airflow/dags
[2026-06-11T02:36:44.326+0000] {manager.py:997} INFO - 
================================================================================
DAG File Processing Stats

File Path                                  PID  Runtime      # DAGs    # Errors  Last Runtime    Last Run               Last # of DB Queries
---------------------------------------  -----  ---------  --------  ----------  --------------  -------------------  ----------------------
/opt/airflow/dags/fuidp_pipeline_dag.py    292  0.00s             1           0  0.09s           2026-06-11T02:36:14                      10
================================================================================
[2026-06-11T02:37:14.626+0000] {manager.py:997} INFO - 
================================================================================
DAG File Processing Stats

File Path                                  PID  Runtime      # DAGs    # Errors  Last Runtime    Last Run               Last # of DB Queries
---------------------------------------  -----  ---------  --------  ----------  --------------  -------------------  ----------------------
/opt/airflow/dags/fuidp_pipeline_dag.py    297  0.00s             1           0  0.09s           2026-06-11T02:36:44                      10
================================================================================
[2026-06-11T02:37:45.003+0000] {manager.py:997} INFO - 
================================================================================
DAG File Processing Stats

File Path                                  PID  Runtime      # DAGs    # Errors  Last Runtime    Last Run               Last # of DB Queries
---------------------------------------  -----  ---------  --------  ----------  --------------  -------------------  ----------------------
/opt/airflow/dags/fuidp_pipeline_dag.py    302  0.00s             1           0  0.09s           2026-06-11T02:37:14                      10
================================================================================
[2026-06-11T02:38:15.351+0000] {manager.py:997} INFO - 
================================================================================
DAG File Processing Stats

File Path                                  PID  Runtime      # DAGs    # Errors  Last Runtime    Last Run               Last # of DB Queries
---------------------------------------  -----  ---------  --------  ----------  --------------  -------------------  ----------------------
/opt/airflow/dags/fuidp_pipeline_dag.py    307  0.00s             1           0  0.09s           2026-06-11T02:37:45                      10
================================================================================
[2026-06-11T02:38:45.652+0000] {manager.py:997} INFO - 
================================================================================
DAG File Processing Stats

File Path                                  PID  Runtime      # DAGs    # Errors  Last Runtime    Last Run               Last # of DB Queries
---------------------------------------  -----  ---------  --------  ----------  --------------  -------------------  ----------------------
/opt/airflow/dags/fuidp_pipeline_dag.py    312  0.00s             1           0  0.10s           2026-06-11T02:38:15                      10
================================================================================
[2026-06-11T02:39:16.035+0000] {manager.py:997} INFO - 
================================================================================
DAG File Processing Stats

File Path                                  PID  Runtime      # DAGs    # Errors  Last Runtime    Last Run               Last # of DB Queries
---------------------------------------  -----  ---------  --------  ----------  --------------  -------------------  ----------------------
/opt/airflow/dags/fuidp_pipeline_dag.py    317  0.00s             1           0  0.09s           2026-06-11T02:38:45                      10
================================================================================
[2026-06-11T02:39:46.370+0000] {manager.py:997} INFO - 
================================================================================
DAG File Processing Stats

File Path                                  PID  Runtime      # DAGs    # Errors  Last Runtime    Last Run               Last # of DB Queries
---------------------------------------  -----  ---------  --------  ----------  --------------  -------------------  ----------------------
/opt/airflow/dags/fuidp_pipeline_dag.py    322  0.00s             1           0  0.10s           2026-06-11T02:39:16                      10
================================================================================
[2026-06-11T02:40:16.654+0000] {manager.py:997} INFO - 
================================================================================
DAG File Processing Stats

File Path                                  PID  Runtime      # DAGs    # Errors  Last Runtime    Last Run               Last # of DB Queries
---------------------------------------  -----  ---------  --------  ----------  --------------  -------------------  ----------------------
/opt/airflow/dags/fuidp_pipeline_dag.py    327  0.00s             1           0  0.09s           2026-06-11T02:39:46                      10
================================================================================
[2026-06-11T02:40:46.978+0000] {manager.py:997} INFO - 
================================================================================
DAG File Processing Stats

File Path                                  PID  Runtime      # DAGs    # Errors  Last Runtime    Last Run               Last # of DB Queries
---------------------------------------  -----  ---------  --------  ----------  --------------  -------------------  ----------------------
/opt/airflow/dags/fuidp_pipeline_dag.py    332  0.00s             1           0  0.10s           2026-06-11T02:40:16                      10
================================================================================
[2026-06-11T02:41:17.304+0000] {manager.py:997} INFO - 
================================================================================
DAG File Processing Stats

File Path                                  PID  Runtime      # DAGs    # Errors  Last Runtime    Last Run               Last # of DB Queries
---------------------------------------  -----  ---------  --------  ----------  --------------  -------------------  ----------------------
/opt/airflow/dags/fuidp_pipeline_dag.py    337  0.00s             1           0  0.10s           2026-06-11T02:40:47                      10
================================================================================
[2026-06-11T02:41:40.524+0000] {manager.py:821} INFO - Searching for files in /opt/airflow/dags
[2026-06-11T02:41:40.541+0000] {manager.py:824} INFO - There are 1 files in /opt/airflow/dags
[2026-06-11T02:41:47.624+0000] {manager.py:997} INFO - 
================================================================================
DAG File Processing Stats

File Path                                  PID  Runtime      # DAGs    # Errors  Last Runtime    Last Run               Last # of DB Queries
---------------------------------------  -----  ---------  --------  ----------  --------------  -------------------  ----------------------
/opt/airflow/dags/fuidp_pipeline_dag.py    342  0.00s             1           0  0.09s           2026-06-11T02:41:17                      10
================================================================================
[2026-06-11T02:42:17.937+0000] {manager.py:997} INFO - 
================================================================================
DAG File Processing Stats

File Path                                  PID  Runtime      # DAGs    # Errors  Last Runtime    Last Run               Last # of DB Queries
---------------------------------------  -----  ---------  --------  ----------  --------------  -------------------  ----------------------
/opt/airflow/dags/fuidp_pipeline_dag.py    347  0.00s             1           0  0.11s           2026-06-11T02:41:47                      10
================================================================================
[2026-06-11T02:42:48.322+0000] {manager.py:997} INFO - 
================================================================================
DAG File Processing Stats

File Path                                  PID  Runtime      # DAGs    # Errors  Last Runtime    Last Run               Last # of DB Queries
---------------------------------------  -----  ---------  --------  ----------  --------------  -------------------  ----------------------
/opt/airflow/dags/fuidp_pipeline_dag.py    352  0.00s             1           0  0.09s           2026-06-11T02:42:18                      10
================================================================================
[2026-06-11T02:43:18.609+0000] {manager.py:997} INFO - 
================================================================================
DAG File Processing Stats

File Path                                  PID  Runtime      # DAGs    # Errors  Last Runtime    Last Run               Last # of DB Queries
---------------------------------------  -----  ---------  --------  ----------  --------------  -------------------  ----------------------
/opt/airflow/dags/fuidp_pipeline_dag.py    357  0.00s             1           0  0.09s           2026-06-11T02:42:48                      10
================================================================================
[2026-06-11T02:43:48.961+0000] {manager.py:997} INFO - 
================================================================================
DAG File Processing Stats

File Path                                PID    Runtime      # DAGs    # Errors  Last Runtime    Last Run               Last # of DB Queries
---------------------------------------  -----  ---------  --------  ----------  --------------  -------------------  ----------------------
/opt/airflow/dags/fuidp_pipeline_dag.py                           1           0  0.17s           2026-06-11T02:43:24                      32
================================================================================
[2026-06-11T02:44:19.272+0000] {manager.py:997} INFO - 
================================================================================
DAG File Processing Stats

File Path                                PID    Runtime      # DAGs    # Errors  Last Runtime    Last Run               Last # of DB Queries
---------------------------------------  -----  ---------  --------  ----------  --------------  -------------------  ----------------------
/opt/airflow/dags/fuidp_pipeline_dag.py                           1           0  0.10s           2026-06-11T02:43:55                      10
================================================================================
[2026-06-11T02:44:49.619+0000] {manager.py:997} INFO - 
================================================================================
DAG File Processing Stats

File Path                                PID    Runtime      # DAGs    # Errors  Last Runtime    Last Run               Last # of DB Queries
---------------------------------------  -----  ---------  --------  ----------  --------------  -------------------  ----------------------
/opt/airflow/dags/fuidp_pipeline_dag.py                           1           0  0.09s           2026-06-11T02:44:25                      10
================================================================================
[2026-06-11T02:45:19.845+0000] {manager.py:997} INFO - 
================================================================================
DAG File Processing Stats

File Path                                PID    Runtime      # DAGs    # Errors  Last Runtime    Last Run               Last # of DB Queries
---------------------------------------  -----  ---------  --------  ----------  --------------  -------------------  ----------------------
/opt/airflow/dags/fuidp_pipeline_dag.py                           1           0  0.18s           2026-06-11T02:44:53                      32
================================================================================
[2026-06-11T02:45:50.066+0000] {manager.py:997} INFO - 
================================================================================
DAG File Processing Stats

File Path                                PID    Runtime      # DAGs    # Errors  Last Runtime    Last Run               Last # of DB Queries
---------------------------------------  -----  ---------  --------  ----------  --------------  -------------------  ----------------------
/opt/airflow/dags/fuidp_pipeline_dag.py                           1           0  0.09s           2026-06-11T02:45:23                      10
================================================================================
[2026-06-11T02:46:20.291+0000] {manager.py:997} INFO - 
================================================================================
DAG File Processing Stats

File Path                                PID    Runtime      # DAGs    # Errors  Last Runtime    Last Run               Last # of DB Queries
---------------------------------------  -----  ---------  --------  ----------  --------------  -------------------  ----------------------
/opt/airflow/dags/fuidp_pipeline_dag.py                           1           0  0.09s           2026-06-11T02:45:54                      10
================================================================================
[2026-06-11T02:46:40.571+0000] {manager.py:821} INFO - Searching for files in /opt/airflow/dags
[2026-06-11T02:46:40.583+0000] {manager.py:824} INFO - There are 1 files in /opt/airflow/dags
[2026-06-11T02:46:50.521+0000] {manager.py:997} INFO - 
================================================================================
DAG File Processing Stats

File Path                                PID    Runtime      # DAGs    # Errors  Last Runtime    Last Run               Last # of DB Queries
---------------------------------------  -----  ---------  --------  ----------  --------------  -------------------  ----------------------
/opt/airflow/dags/fuidp_pipeline_dag.py                           1           0  0.09s           2026-06-11T02:46:24                      10
================================================================================
[2026-06-11T02:47:20.707+0000] {manager.py:997} INFO - 
================================================================================
DAG File Processing Stats

File Path                                PID    Runtime      # DAGs    # Errors  Last Runtime    Last Run               Last # of DB Queries
---------------------------------------  -----  ---------  --------  ----------  --------------  -------------------  ----------------------
/opt/airflow/dags/fuidp_pipeline_dag.py                           1           0  0.09s           2026-06-11T02:46:54                      10
================================================================================
[2026-06-11T02:47:50.914+0000] {manager.py:997} INFO - 
================================================================================
DAG File Processing Stats

File Path                                PID    Runtime      # DAGs    # Errors  Last Runtime    Last Run               Last # of DB Queries
---------------------------------------  -----  ---------  --------  ----------  --------------  -------------------  ----------------------
/opt/airflow/dags/fuidp_pipeline_dag.py                           1           0  0.09s           2026-06-11T02:47:24                      10
================================================================================
[2026-06-11T02:48:21.153+0000] {manager.py:997} INFO - 
================================================================================
DAG File Processing Stats

File Path                                PID    Runtime      # DAGs    # Errors  Last Runtime    Last Run               Last # of DB Queries
---------------------------------------  -----  ---------  --------  ----------  --------------  -------------------  ----------------------
/opt/airflow/dags/fuidp_pipeline_dag.py                           1           0  0.09s           2026-06-11T02:47:55                      10
================================================================================
[2026-06-11T02:48:51.514+0000] {manager.py:997} INFO - 
================================================================================
DAG File Processing Stats

File Path                                PID    Runtime      # DAGs    # Errors  Last Runtime    Last Run               Last # of DB Queries
---------------------------------------  -----  ---------  --------  ----------  --------------  -------------------  ----------------------
/opt/airflow/dags/fuidp_pipeline_dag.py                           1           0  0.09s           2026-06-11T02:48:25                      10
================================================================================
[2026-06-11T02:49:21.804+0000] {manager.py:997} INFO - 
================================================================================
DAG File Processing Stats

File Path                                PID    Runtime      # DAGs    # Errors  Last Runtime    Last Run               Last # of DB Queries
---------------------------------------  -----  ---------  --------  ----------  --------------  -------------------  ----------------------
/opt/airflow/dags/fuidp_pipeline_dag.py                           1           0  0.08s           2026-06-11T02:48:55                      10
================================================================================
[2026-06-11T02:49:52.127+0000] {manager.py:997} INFO - 
================================================================================
DAG File Processing Stats

File Path                                PID    Runtime      # DAGs    # Errors  Last Runtime    Last Run               Last # of DB Queries
---------------------------------------  -----  ---------  --------  ----------  --------------  -------------------  ----------------------
/opt/airflow/dags/fuidp_pipeline_dag.py                           1           0  0.09s           2026-06-11T02:49:25                      10
================================================================================
[2026-06-11T02:50:22.477+0000] {manager.py:997} INFO - 
================================================================================
DAG File Processing Stats

File Path                                PID    Runtime      # DAGs    # Errors  Last Runtime    Last Run               Last # of DB Queries
---------------------------------------  -----  ---------  --------  ----------  --------------  -------------------  ----------------------
/opt/airflow/dags/fuidp_pipeline_dag.py                           1           0  0.10s           2026-06-11T02:50:19                       9
================================================================================
[2026-06-11T02:50:52.837+0000] {manager.py:997} INFO - 
================================================================================
DAG File Processing Stats

File Path                                PID    Runtime      # DAGs    # Errors  Last Runtime    Last Run               Last # of DB Queries
---------------------------------------  -----  ---------  --------  ----------  --------------  -------------------  ----------------------
/opt/airflow/dags/fuidp_pipeline_dag.py                           1           0  0.10s           2026-06-11T02:50:32                       9
================================================================================
[2026-06-11T02:51:23.045+0000] {manager.py:997} INFO - 
================================================================================
DAG File Processing Stats

File Path                                PID    Runtime      # DAGs    # Errors  Last Runtime    Last Run               Last # of DB Queries
---------------------------------------  -----  ---------  --------  ----------  --------------  -------------------  ----------------------
/opt/airflow/dags/fuidp_pipeline_dag.py                           1           0  0.17s           2026-06-11T02:51:03                      32
================================================================================
[2026-06-11T02:51:41.153+0000] {manager.py:821} INFO - Searching for files in /opt/airflow/dags
[2026-06-11T02:51:41.166+0000] {manager.py:824} INFO - There are 1 files in /opt/airflow/dags
[2026-06-11T02:51:54.602+0000] {manager.py:483} INFO - Processing files using up to 2 processes at a time 
[2026-06-11T02:51:54.603+0000] {manager.py:484} INFO - Process each file at most once every 30 seconds
[2026-06-11T02:51:54.603+0000] {manager.py:485} INFO - Checking for new files in /opt/airflow/dags every 300 seconds
[2026-06-11T02:51:54.604+0000] {manager.py:821} INFO - Searching for files in /opt/airflow/dags
[2026-06-11T02:51:54.616+0000] {manager.py:824} INFO - There are 1 files in /opt/airflow/dags
[2026-06-11T02:51:54.693+0000] {manager.py:997} INFO - 
================================================================================
DAG File Processing Stats

File Path                                  PID  Runtime      # DAGs    # Errors  Last Runtime    Last Run      Last # of DB Queries
---------------------------------------  -----  ---------  --------  ----------  --------------  ----------  ----------------------
/opt/airflow/dags/fuidp_pipeline_dag.py    192  0.02s             0           0                                                   0
================================================================================
[2026-06-11T02:52:24.932+0000] {manager.py:997} INFO - 
================================================================================
DAG File Processing Stats

File Path                                  PID  Runtime      # DAGs    # Errors  Last Runtime    Last Run               Last # of DB Queries
---------------------------------------  -----  ---------  --------  ----------  --------------  -------------------  ----------------------
/opt/airflow/dags/fuidp_pipeline_dag.py    197  0.00s             1           0  0.13s           2026-06-11T02:51:54                      10
================================================================================
[2026-06-11T02:52:55.259+0000] {manager.py:997} INFO - 
================================================================================
DAG File Processing Stats

File Path                                  PID  Runtime      # DAGs    # Errors  Last Runtime    Last Run               Last # of DB Queries
---------------------------------------  -----  ---------  --------  ----------  --------------  -------------------  ----------------------
/opt/airflow/dags/fuidp_pipeline_dag.py    227  0.00s             1           0  0.09s           2026-06-11T02:52:25                      10
================================================================================
[2026-06-11T02:53:25.564+0000] {manager.py:997} INFO - 
================================================================================
DAG File Processing Stats

File Path                                  PID  Runtime      # DAGs    # Errors  Last Runtime    Last Run               Last # of DB Queries
---------------------------------------  -----  ---------  --------  ----------  --------------  -------------------  ----------------------
/opt/airflow/dags/fuidp_pipeline_dag.py    232  0.00s             1           0  0.09s           2026-06-11T02:52:55                      10
================================================================================
[2026-06-11T02:53:55.893+0000] {manager.py:997} INFO - 
================================================================================
DAG File Processing Stats

File Path                                  PID  Runtime      # DAGs    # Errors  Last Runtime    Last Run               Last # of DB Queries
---------------------------------------  -----  ---------  --------  ----------  --------------  -------------------  ----------------------
/opt/airflow/dags/fuidp_pipeline_dag.py    237  0.00s             1           0  0.10s           2026-06-11T02:53:25                      10
================================================================================
[2026-06-11T02:54:26.210+0000] {manager.py:997} INFO - 
================================================================================
DAG File Processing Stats

File Path                                  PID  Runtime      # DAGs    # Errors  Last Runtime    Last Run               Last # of DB Queries
---------------------------------------  -----  ---------  --------  ----------  --------------  -------------------  ----------------------
/opt/airflow/dags/fuidp_pipeline_dag.py    242  0.00s             1           0  0.11s           2026-06-11T02:53:55                      10
================================================================================
[2026-06-11T02:54:56.526+0000] {manager.py:997} INFO - 
================================================================================
DAG File Processing Stats

File Path                                  PID  Runtime      # DAGs    # Errors  Last Runtime    Last Run               Last # of DB Queries
---------------------------------------  -----  ---------  --------  ----------  --------------  -------------------  ----------------------
/opt/airflow/dags/fuidp_pipeline_dag.py    247  0.00s             1           0  0.11s           2026-06-11T02:54:26                      10
================================================================================
[2026-06-11T02:55:26.823+0000] {manager.py:997} INFO - 
================================================================================
DAG File Processing Stats

File Path                                  PID  Runtime      # DAGs    # Errors  Last Runtime    Last Run               Last # of DB Queries
---------------------------------------  -----  ---------  --------  ----------  --------------  -------------------  ----------------------
/opt/airflow/dags/fuidp_pipeline_dag.py    252  0.00s             1           0  0.11s           2026-06-11T02:54:56                      10
================================================================================
[2026-06-11T02:55:57.149+0000] {manager.py:997} INFO - 
================================================================================
DAG File Processing Stats

File Path                                  PID  Runtime      # DAGs    # Errors  Last Runtime    Last Run               Last # of DB Queries
---------------------------------------  -----  ---------  --------  ----------  --------------  -------------------  ----------------------
/opt/airflow/dags/fuidp_pipeline_dag.py    257  0.00s             1           0  0.10s           2026-06-11T02:55:26                      10
================================================================================
[2026-06-11T02:56:27.478+0000] {manager.py:997} INFO - 
================================================================================
DAG File Processing Stats

File Path                                  PID  Runtime      # DAGs    # Errors  Last Runtime    Last Run               Last # of DB Queries
---------------------------------------  -----  ---------  --------  ----------  --------------  -------------------  ----------------------
/opt/airflow/dags/fuidp_pipeline_dag.py    262  0.00s             1           0  0.09s           2026-06-11T02:55:57                      10
================================================================================
[2026-06-11T02:56:54.694+0000] {manager.py:821} INFO - Searching for files in /opt/airflow/dags
[2026-06-11T02:56:54.708+0000] {manager.py:824} INFO - There are 1 files in /opt/airflow/dags
[2026-06-11T02:56:57.747+0000] {manager.py:997} INFO - 
================================================================================
DAG File Processing Stats

File Path                                  PID  Runtime      # DAGs    # Errors  Last Runtime    Last Run               Last # of DB Queries
---------------------------------------  -----  ---------  --------  ----------  --------------  -------------------  ----------------------
/opt/airflow/dags/fuidp_pipeline_dag.py    267  0.00s             1           0  0.09s           2026-06-11T02:56:27                      10
================================================================================
[2026-06-11T02:57:28.117+0000] {manager.py:997} INFO - 
================================================================================
DAG File Processing Stats

File Path                                  PID  Runtime      # DAGs    # Errors  Last Runtime    Last Run               Last # of DB Queries
---------------------------------------  -----  ---------  --------  ----------  --------------  -------------------  ----------------------
/opt/airflow/dags/fuidp_pipeline_dag.py    272  0.00s             1           0  0.10s           2026-06-11T02:56:57                      10
================================================================================
[2026-06-11T02:57:58.449+0000] {manager.py:997} INFO - 
================================================================================
DAG File Processing Stats

File Path                                  PID  Runtime      # DAGs    # Errors  Last Runtime    Last Run               Last # of DB Queries
---------------------------------------  -----  ---------  --------  ----------  --------------  -------------------  ----------------------
/opt/airflow/dags/fuidp_pipeline_dag.py    277  0.00s             1           0  0.10s           2026-06-11T02:57:28                      10
================================================================================
[2026-06-11T02:58:28.806+0000] {manager.py:997} INFO - 
================================================================================
DAG File Processing Stats

File Path                                  PID  Runtime      # DAGs    # Errors  Last Runtime    Last Run               Last # of DB Queries
---------------------------------------  -----  ---------  --------  ----------  --------------  -------------------  ----------------------
/opt/airflow/dags/fuidp_pipeline_dag.py    282  0.00s             1           0  0.09s           2026-06-11T02:57:58                      10
================================================================================
[2026-06-11T02:58:59.099+0000] {manager.py:997} INFO - 
================================================================================
DAG File Processing Stats

File Path                                  PID  Runtime      # DAGs    # Errors  Last Runtime    Last Run               Last # of DB Queries
---------------------------------------  -----  ---------  --------  ----------  --------------  -------------------  ----------------------
/opt/airflow/dags/fuidp_pipeline_dag.py    287  0.00s             1           0  0.09s           2026-06-11T02:58:28                      10
================================================================================
[2026-06-11T02:59:29.360+0000] {manager.py:997} INFO - 
================================================================================
DAG File Processing Stats

File Path                                  PID  Runtime      # DAGs    # Errors  Last Runtime    Last Run               Last # of DB Queries
---------------------------------------  -----  ---------  --------  ----------  --------------  -------------------  ----------------------
/opt/airflow/dags/fuidp_pipeline_dag.py    292  0.00s             1           0  0.09s           2026-06-11T02:58:59                      10
================================================================================
[2026-06-11T02:59:59.732+0000] {manager.py:997} INFO - 
================================================================================
DAG File Processing Stats

File Path                                  PID  Runtime      # DAGs    # Errors  Last Runtime    Last Run               Last # of DB Queries
---------------------------------------  -----  ---------  --------  ----------  --------------  -------------------  ----------------------
/opt/airflow/dags/fuidp_pipeline_dag.py    297  0.00s             1           0  0.09s           2026-06-11T02:59:29                      10
================================================================================
[2026-06-11T03:00:30.069+0000] {manager.py:997} INFO - 
================================================================================
DAG File Processing Stats

File Path                                  PID  Runtime      # DAGs    # Errors  Last Runtime    Last Run               Last # of DB Queries
---------------------------------------  -----  ---------  --------  ----------  --------------  -------------------  ----------------------
/opt/airflow/dags/fuidp_pipeline_dag.py    302  0.00s             1           0  0.10s           2026-06-11T02:59:59                      10
================================================================================
[2026-06-11T03:01:00.399+0000] {manager.py:997} INFO - 
================================================================================
DAG File Processing Stats

File Path                                  PID  Runtime      # DAGs    # Errors  Last Runtime    Last Run               Last # of DB Queries
---------------------------------------  -----  ---------  --------  ----------  --------------  -------------------  ----------------------
/opt/airflow/dags/fuidp_pipeline_dag.py    307  0.00s             1           0  0.09s           2026-06-11T03:00:30                      10
================================================================================
[2026-06-11T03:01:30.687+0000] {manager.py:997} INFO - 
================================================================================
DAG File Processing Stats

File Path                                  PID  Runtime      # DAGs    # Errors  Last Runtime    Last Run               Last # of DB Queries
---------------------------------------  -----  ---------  --------  ----------  --------------  -------------------  ----------------------
/opt/airflow/dags/fuidp_pipeline_dag.py    312  0.00s             1           0  0.11s           2026-06-11T03:01:00                      10
================================================================================
[2026-06-11T03:01:54.974+0000] {manager.py:821} INFO - Searching for files in /opt/airflow/dags
[2026-06-11T03:01:54.992+0000] {manager.py:824} INFO - There are 1 files in /opt/airflow/dags
[2026-06-11T03:02:01.073+0000] {manager.py:997} INFO - 
================================================================================
DAG File Processing Stats

File Path                                  PID  Runtime      # DAGs    # Errors  Last Runtime    Last Run               Last # of DB Queries
---------------------------------------  -----  ---------  --------  ----------  --------------  -------------------  ----------------------
/opt/airflow/dags/fuidp_pipeline_dag.py    317  0.01s             1           0  0.09s           2026-06-11T03:01:30                      10
================================================================================
[2026-06-11T03:02:31.403+0000] {manager.py:997} INFO - 
================================================================================
DAG File Processing Stats

File Path                                  PID  Runtime      # DAGs    # Errors  Last Runtime    Last Run               Last # of DB Queries
---------------------------------------  -----  ---------  --------  ----------  --------------  -------------------  ----------------------
/opt/airflow/dags/fuidp_pipeline_dag.py    322  0.00s             1           0  0.12s           2026-06-11T03:02:01                      10
================================================================================
[2026-06-11T03:03:01.675+0000] {manager.py:997} INFO - 
================================================================================
DAG File Processing Stats

File Path                                  PID  Runtime      # DAGs    # Errors  Last Runtime    Last Run               Last # of DB Queries
---------------------------------------  -----  ---------  --------  ----------  --------------  -------------------  ----------------------
/opt/airflow/dags/fuidp_pipeline_dag.py    327  0.00s             1           0  0.10s           2026-06-11T03:02:31                      10
================================================================================
[2026-06-11T03:03:32.084+0000] {manager.py:997} INFO - 
================================================================================
DAG File Processing Stats

File Path                                  PID  Runtime      # DAGs    # Errors  Last Runtime    Last Run               Last # of DB Queries
---------------------------------------  -----  ---------  --------  ----------  --------------  -------------------  ----------------------
/opt/airflow/dags/fuidp_pipeline_dag.py    332  0.00s             1           0  0.09s           2026-06-11T03:03:01                      10
================================================================================
[2026-06-11T03:04:02.390+0000] {manager.py:997} INFO - 
================================================================================
DAG File Processing Stats

File Path                                  PID  Runtime      # DAGs    # Errors  Last Runtime    Last Run               Last # of DB Queries
---------------------------------------  -----  ---------  --------  ----------  --------------  -------------------  ----------------------
/opt/airflow/dags/fuidp_pipeline_dag.py    337  0.00s             1           0  0.09s           2026-06-11T03:03:32                      10
================================================================================
[2026-06-11T03:04:32.763+0000] {manager.py:997} INFO - 
================================================================================
DAG File Processing Stats

File Path                                  PID  Runtime      # DAGs    # Errors  Last Runtime    Last Run               Last # of DB Queries
---------------------------------------  -----  ---------  --------  ----------  --------------  -------------------  ----------------------
/opt/airflow/dags/fuidp_pipeline_dag.py    342  0.00s             1           0  0.09s           2026-06-11T03:04:02                      10
================================================================================
[2026-06-11T03:05:03.087+0000] {manager.py:997} INFO - 
================================================================================
DAG File Processing Stats

File Path                                  PID  Runtime      # DAGs    # Errors  Last Runtime    Last Run               Last # of DB Queries
---------------------------------------  -----  ---------  --------  ----------  --------------  -------------------  ----------------------
/opt/airflow/dags/fuidp_pipeline_dag.py    347  0.00s             1           0  0.09s           2026-06-11T03:04:32                      10
================================================================================
[2026-06-11T03:05:33.423+0000] {manager.py:997} INFO - 
================================================================================
DAG File Processing Stats

File Path                                  PID  Runtime      # DAGs    # Errors  Last Runtime    Last Run               Last # of DB Queries
---------------------------------------  -----  ---------  --------  ----------  --------------  -------------------  ----------------------
/opt/airflow/dags/fuidp_pipeline_dag.py    352  0.00s             1           0  0.09s           2026-06-11T03:05:03                      10
================================================================================
[2026-06-11T03:06:04.106+0000] {manager.py:997} INFO - 
================================================================================
DAG File Processing Stats

File Path                                PID    Runtime      # DAGs    # Errors  Last Runtime    Last Run               Last # of DB Queries
---------------------------------------  -----  ---------  --------  ----------  --------------  -------------------  ----------------------
/opt/airflow/dags/fuidp_pipeline_dag.py                           1           0  0.10s           2026-06-11T03:05:57                       9
================================================================================
[2026-06-11T03:06:34.465+0000] {manager.py:997} INFO - 
================================================================================
DAG File Processing Stats

File Path                                PID    Runtime      # DAGs    # Errors  Last Runtime    Last Run               Last # of DB Queries
---------------------------------------  -----  ---------  --------  ----------  --------------  -------------------  ----------------------
/opt/airflow/dags/fuidp_pipeline_dag.py                           1           0  0.14s           2026-06-11T03:06:27                      32
================================================================================
[2026-06-11T03:06:55.646+0000] {manager.py:821} INFO - Searching for files in /opt/airflow/dags
[2026-06-11T03:06:55.661+0000] {manager.py:824} INFO - There are 1 files in /opt/airflow/dags
[2026-06-11T03:07:04.758+0000] {manager.py:997} INFO - 
================================================================================
DAG File Processing Stats

File Path                                PID    Runtime      # DAGs    # Errors  Last Runtime    Last Run               Last # of DB Queries
---------------------------------------  -----  ---------  --------  ----------  --------------  -------------------  ----------------------
/opt/airflow/dags/fuidp_pipeline_dag.py                           1           0  0.09s           2026-06-11T03:06:57                      10
================================================================================
[2026-06-11T03:07:35.128+0000] {manager.py:997} INFO - 
================================================================================
DAG File Processing Stats

File Path                                PID    Runtime      # DAGs    # Errors  Last Runtime    Last Run               Last # of DB Queries
---------------------------------------  -----  ---------  --------  ----------  --------------  -------------------  ----------------------
/opt/airflow/dags/fuidp_pipeline_dag.py                           1           0  0.09s           2026-06-11T03:07:28                      10
================================================================================
[2026-06-11T03:08:05.443+0000] {manager.py:997} INFO - 
================================================================================
DAG File Processing Stats

File Path                                PID    Runtime      # DAGs    # Errors  Last Runtime    Last Run               Last # of DB Queries
---------------------------------------  -----  ---------  --------  ----------  --------------  -------------------  ----------------------
/opt/airflow/dags/fuidp_pipeline_dag.py                           1           0  0.10s           2026-06-11T03:07:58                      10
================================================================================
[2026-06-11T03:08:35.738+0000] {manager.py:997} INFO - 
================================================================================
DAG File Processing Stats

File Path                                PID    Runtime      # DAGs    # Errors  Last Runtime    Last Run               Last # of DB Queries
---------------------------------------  -----  ---------  --------  ----------  --------------  -------------------  ----------------------
/opt/airflow/dags/fuidp_pipeline_dag.py                           1           0  0.12s           2026-06-11T03:08:28                      10
================================================================================
[2026-06-11T03:09:06.069+0000] {manager.py:997} INFO - 
================================================================================
DAG File Processing Stats

File Path                                PID    Runtime      # DAGs    # Errors  Last Runtime    Last Run               Last # of DB Queries
---------------------------------------  -----  ---------  --------  ----------  --------------  -------------------  ----------------------
/opt/airflow/dags/fuidp_pipeline_dag.py                           1           0  0.08s           2026-06-11T03:08:59                      10
================================================================================
[2026-06-11T03:09:36.323+0000] {manager.py:997} INFO - 
================================================================================
DAG File Processing Stats

File Path                                PID    Runtime      # DAGs    # Errors  Last Runtime    Last Run               Last # of DB Queries
---------------------------------------  -----  ---------  --------  ----------  --------------  -------------------  ----------------------
/opt/airflow/dags/fuidp_pipeline_dag.py                           1           0  0.09s           2026-06-11T03:09:29                      10
================================================================================
[2026-06-11T03:10:06.706+0000] {manager.py:997} INFO - 
================================================================================
DAG File Processing Stats

File Path                                PID    Runtime      # DAGs    # Errors  Last Runtime    Last Run               Last # of DB Queries
---------------------------------------  -----  ---------  --------  ----------  --------------  -------------------  ----------------------
/opt/airflow/dags/fuidp_pipeline_dag.py                           1           0  0.09s           2026-06-11T03:09:59                      10
================================================================================
[2026-06-11T03:10:37.020+0000] {manager.py:997} INFO - 
================================================================================
DAG File Processing Stats

File Path                                PID    Runtime      # DAGs    # Errors  Last Runtime    Last Run               Last # of DB Queries
---------------------------------------  -----  ---------  --------  ----------  --------------  -------------------  ----------------------
/opt/airflow/dags/fuidp_pipeline_dag.py                           1           0  0.09s           2026-06-11T03:10:30                      10
================================================================================
[2026-06-11T03:11:07.383+0000] {manager.py:997} INFO - 
================================================================================
DAG File Processing Stats

File Path                                PID    Runtime      # DAGs    # Errors  Last Runtime    Last Run               Last # of DB Queries
---------------------------------------  -----  ---------  --------  ----------  --------------  -------------------  ----------------------
/opt/airflow/dags/fuidp_pipeline_dag.py                           1           0  0.12s           2026-06-11T03:11:00                      10
================================================================================
[2026-06-11T03:11:37.700+0000] {manager.py:997} INFO - 
================================================================================
DAG File Processing Stats

File Path                                PID    Runtime      # DAGs    # Errors  Last Runtime    Last Run               Last # of DB Queries
---------------------------------------  -----  ---------  --------  ----------  --------------  -------------------  ----------------------
/opt/airflow/dags/fuidp_pipeline_dag.py                           1           0  0.09s           2026-06-11T03:11:30                      10
================================================================================
[2026-06-11T03:11:55.875+0000] {manager.py:821} INFO - Searching for files in /opt/airflow/dags
[2026-06-11T03:11:55.890+0000] {manager.py:824} INFO - There are 1 files in /opt/airflow/dags
[2026-06-11T03:12:08.030+0000] {manager.py:997} INFO - 
================================================================================
DAG File Processing Stats

File Path                                PID    Runtime      # DAGs    # Errors  Last Runtime    Last Run               Last # of DB Queries
---------------------------------------  -----  ---------  --------  ----------  --------------  -------------------  ----------------------
/opt/airflow/dags/fuidp_pipeline_dag.py                           1           0  0.13s           2026-06-11T03:12:01                      10
================================================================================
[2026-06-11T03:12:38.421+0000] {manager.py:997} INFO - 
================================================================================
DAG File Processing Stats

File Path                                PID    Runtime      # DAGs    # Errors  Last Runtime    Last Run               Last # of DB Queries
---------------------------------------  -----  ---------  --------  ----------  --------------  -------------------  ----------------------
/opt/airflow/dags/fuidp_pipeline_dag.py                           1           0  0.09s           2026-06-11T03:12:31                      10
================================================================================
[2026-06-11T03:13:08.685+0000] {manager.py:997} INFO - 
================================================================================
DAG File Processing Stats

File Path                                PID    Runtime      # DAGs    # Errors  Last Runtime    Last Run               Last # of DB Queries
---------------------------------------  -----  ---------  --------  ----------  --------------  -------------------  ----------------------
/opt/airflow/dags/fuidp_pipeline_dag.py                           1           0  0.08s           2026-06-11T03:13:01                      10
================================================================================
[2026-06-11T03:13:38.986+0000] {manager.py:997} INFO - 
================================================================================
DAG File Processing Stats

File Path                                PID    Runtime      # DAGs    # Errors  Last Runtime    Last Run               Last # of DB Queries
---------------------------------------  -----  ---------  --------  ----------  --------------  -------------------  ----------------------
/opt/airflow/dags/fuidp_pipeline_dag.py                           1           0  0.10s           2026-06-11T03:13:31                      10
================================================================================
[2026-06-11T03:14:09.305+0000] {manager.py:997} INFO - 
================================================================================
DAG File Processing Stats

File Path                                PID    Runtime      # DAGs    # Errors  Last Runtime    Last Run               Last # of DB Queries
---------------------------------------  -----  ---------  --------  ----------  --------------  -------------------  ----------------------
/opt/airflow/dags/fuidp_pipeline_dag.py                           1           0  0.10s           2026-06-11T03:14:02                      10
================================================================================
[2026-06-11T03:14:39.665+0000] {manager.py:997} INFO - 
================================================================================
DAG File Processing Stats

File Path                                PID    Runtime      # DAGs    # Errors  Last Runtime    Last Run               Last # of DB Queries
---------------------------------------  -----  ---------  --------  ----------  --------------  -------------------  ----------------------
/opt/airflow/dags/fuidp_pipeline_dag.py                           1           0  0.09s           2026-06-11T03:14:32                      10
================================================================================
[2026-06-11T03:15:09.925+0000] {manager.py:997} INFO - 
================================================================================
DAG File Processing Stats

File Path                                PID    Runtime      # DAGs    # Errors  Last Runtime    Last Run               Last # of DB Queries
---------------------------------------  -----  ---------  --------  ----------  --------------  -------------------  ----------------------
/opt/airflow/dags/fuidp_pipeline_dag.py                           1           0  0.09s           2026-06-11T03:15:02                      10
================================================================================
[2026-06-11T03:15:40.306+0000] {manager.py:997} INFO - 
================================================================================
DAG File Processing Stats

File Path                                PID    Runtime      # DAGs    # Errors  Last Runtime    Last Run               Last # of DB Queries
---------------------------------------  -----  ---------  --------  ----------  --------------  -------------------  ----------------------
/opt/airflow/dags/fuidp_pipeline_dag.py                           1           0  0.09s           2026-06-11T03:15:33                      10
================================================================================
[2026-06-11T03:16:10.632+0000] {manager.py:997} INFO - 
================================================================================
DAG File Processing Stats

File Path                                PID    Runtime      # DAGs    # Errors  Last Runtime    Last Run               Last # of DB Queries
---------------------------------------  -----  ---------  --------  ----------  --------------  -------------------  ----------------------
/opt/airflow/dags/fuidp_pipeline_dag.py                           1           0  0.10s           2026-06-11T03:16:03                      10
================================================================================
[2026-06-11T03:16:41.002+0000] {manager.py:997} INFO - 
================================================================================
DAG File Processing Stats

File Path                                PID    Runtime      # DAGs    # Errors  Last Runtime    Last Run               Last # of DB Queries
---------------------------------------  -----  ---------  --------  ----------  --------------  -------------------  ----------------------
/opt/airflow/dags/fuidp_pipeline_dag.py                           1           0  0.10s           2026-06-11T03:16:33                      10
================================================================================
[2026-06-11T03:16:56.121+0000] {manager.py:821} INFO - Searching for files in /opt/airflow/dags
[2026-06-11T03:16:56.131+0000] {manager.py:824} INFO - There are 1 files in /opt/airflow/dags
[2026-06-11T03:17:11.287+0000] {manager.py:997} INFO - 
================================================================================
DAG File Processing Stats

File Path                                PID    Runtime      # DAGs    # Errors  Last Runtime    Last Run               Last # of DB Queries
---------------------------------------  -----  ---------  --------  ----------  --------------  -------------------  ----------------------
/opt/airflow/dags/fuidp_pipeline_dag.py                           1           0  0.09s           2026-06-11T03:17:04                      10
================================================================================
[2026-06-11T03:17:41.623+0000] {manager.py:997} INFO - 
================================================================================
DAG File Processing Stats

File Path                                PID    Runtime      # DAGs    # Errors  Last Runtime    Last Run               Last # of DB Queries
---------------------------------------  -----  ---------  --------  ----------  --------------  -------------------  ----------------------
/opt/airflow/dags/fuidp_pipeline_dag.py                           1           0  0.09s           2026-06-11T03:17:34                      10
================================================================================
[2026-06-11T03:18:11.941+0000] {manager.py:997} INFO - 
================================================================================
DAG File Processing Stats

File Path                                PID    Runtime      # DAGs    # Errors  Last Runtime    Last Run               Last # of DB Queries
---------------------------------------  -----  ---------  --------  ----------  --------------  -------------------  ----------------------
/opt/airflow/dags/fuidp_pipeline_dag.py                           1           0  0.10s           2026-06-11T03:18:04                      10
================================================================================
[2026-06-11T03:18:42.238+0000] {manager.py:997} INFO - 
================================================================================
DAG File Processing Stats

File Path                                PID    Runtime      # DAGs    # Errors  Last Runtime    Last Run               Last # of DB Queries
---------------------------------------  -----  ---------  --------  ----------  --------------  -------------------  ----------------------
/opt/airflow/dags/fuidp_pipeline_dag.py                           1           0  0.09s           2026-06-11T03:18:35                      10
================================================================================
[2026-06-11T03:19:12.520+0000] {manager.py:997} INFO - 
================================================================================
DAG File Processing Stats

File Path                                PID    Runtime      # DAGs    # Errors  Last Runtime    Last Run               Last # of DB Queries
---------------------------------------  -----  ---------  --------  ----------  --------------  -------------------  ----------------------
/opt/airflow/dags/fuidp_pipeline_dag.py                           1           0  0.10s           2026-06-11T03:19:05                      10
================================================================================
[2026-06-11T03:19:42.799+0000] {manager.py:997} INFO - 
================================================================================
DAG File Processing Stats

File Path                                PID    Runtime      # DAGs    # Errors  Last Runtime    Last Run               Last # of DB Queries
---------------------------------------  -----  ---------  --------  ----------  --------------  -------------------  ----------------------
/opt/airflow/dags/fuidp_pipeline_dag.py                           1           0  0.09s           2026-06-11T03:19:35                      10
================================================================================
[2026-06-11T03:20:13.095+0000] {manager.py:997} INFO - 
================================================================================
DAG File Processing Stats

File Path                                PID    Runtime      # DAGs    # Errors  Last Runtime    Last Run               Last # of DB Queries
---------------------------------------  -----  ---------  --------  ----------  --------------  -------------------  ----------------------
/opt/airflow/dags/fuidp_pipeline_dag.py                           1           0  0.09s           2026-06-11T03:20:06                      10
================================================================================
[2026-06-11T03:20:43.418+0000] {manager.py:997} INFO - 
================================================================================
DAG File Processing Stats

File Path                                PID    Runtime      # DAGs    # Errors  Last Runtime    Last Run               Last # of DB Queries
---------------------------------------  -----  ---------  --------  ----------  --------------  -------------------  ----------------------
/opt/airflow/dags/fuidp_pipeline_dag.py                           1           0  0.09s           2026-06-11T03:20:36                      10
================================================================================
[2026-06-11T03:21:13.734+0000] {manager.py:997} INFO - 
================================================================================
DAG File Processing Stats

File Path                                PID    Runtime      # DAGs    # Errors  Last Runtime    Last Run               Last # of DB Queries
---------------------------------------  -----  ---------  --------  ----------  --------------  -------------------  ----------------------
/opt/airflow/dags/fuidp_pipeline_dag.py                           1           0  0.09s           2026-06-11T03:21:06                      10
================================================================================
[2026-06-11T03:21:43.993+0000] {manager.py:997} INFO - 
================================================================================
DAG File Processing Stats

File Path                                PID    Runtime      # DAGs    # Errors  Last Runtime    Last Run               Last # of DB Queries
---------------------------------------  -----  ---------  --------  ----------  --------------  -------------------  ----------------------
/opt/airflow/dags/fuidp_pipeline_dag.py                           1           0  0.09s           2026-06-11T03:21:37                      10
================================================================================
[2026-06-11T03:21:56.173+0000] {manager.py:821} INFO - Searching for files in /opt/airflow/dags
[2026-06-11T03:21:56.186+0000] {manager.py:824} INFO - There are 1 files in /opt/airflow/dags
[2026-06-11T03:22:14.310+0000] {manager.py:997} INFO - 
================================================================================
DAG File Processing Stats

File Path                                PID    Runtime      # DAGs    # Errors  Last Runtime    Last Run               Last # of DB Queries
---------------------------------------  -----  ---------  --------  ----------  --------------  -------------------  ----------------------
/opt/airflow/dags/fuidp_pipeline_dag.py                           1           0  0.11s           2026-06-11T03:22:07                      10
================================================================================
[2026-06-11T03:22:44.583+0000] {manager.py:997} INFO - 
================================================================================
DAG File Processing Stats

File Path                                PID    Runtime      # DAGs    # Errors  Last Runtime    Last Run               Last # of DB Queries
---------------------------------------  -----  ---------  --------  ----------  --------------  -------------------  ----------------------
/opt/airflow/dags/fuidp_pipeline_dag.py                           1           0  0.12s           2026-06-11T03:22:37                      10
================================================================================
[2026-06-11T03:23:14.950+0000] {manager.py:997} INFO - 
================================================================================
DAG File Processing Stats

File Path                                PID    Runtime      # DAGs    # Errors  Last Runtime    Last Run               Last # of DB Queries
---------------------------------------  -----  ---------  --------  ----------  --------------  -------------------  ----------------------
/opt/airflow/dags/fuidp_pipeline_dag.py                           1           0  0.10s           2026-06-11T03:23:07                      10
================================================================================
[2026-06-11T03:23:45.273+0000] {manager.py:997} INFO - 
================================================================================
DAG File Processing Stats

File Path                                PID    Runtime      # DAGs    # Errors  Last Runtime    Last Run               Last # of DB Queries
---------------------------------------  -----  ---------  --------  ----------  --------------  -------------------  ----------------------
/opt/airflow/dags/fuidp_pipeline_dag.py                           1           0  0.09s           2026-06-11T03:23:38                      10
================================================================================
[2026-06-11T03:24:15.633+0000] {manager.py:997} INFO - 
================================================================================
DAG File Processing Stats

File Path                                PID    Runtime      # DAGs    # Errors  Last Runtime    Last Run               Last # of DB Queries
---------------------------------------  -----  ---------  --------  ----------  --------------  -------------------  ----------------------
/opt/airflow/dags/fuidp_pipeline_dag.py                           1           0  0.08s           2026-06-11T03:24:08                      10
================================================================================
[2026-06-11T03:24:45.956+0000] {manager.py:997} INFO - 
================================================================================
DAG File Processing Stats

File Path                                PID    Runtime      # DAGs    # Errors  Last Runtime    Last Run               Last # of DB Queries
---------------------------------------  -----  ---------  --------  ----------  --------------  -------------------  ----------------------
/opt/airflow/dags/fuidp_pipeline_dag.py                           1           0  0.10s           2026-06-11T03:24:38                      10
================================================================================
[2026-06-11T03:25:16.289+0000] {manager.py:997} INFO - 
================================================================================
DAG File Processing Stats

File Path                                PID    Runtime      # DAGs    # Errors  Last Runtime    Last Run               Last # of DB Queries
---------------------------------------  -----  ---------  --------  ----------  --------------  -------------------  ----------------------
/opt/airflow/dags/fuidp_pipeline_dag.py                           1           0  0.08s           2026-06-11T03:25:09                      10
================================================================================
[2026-06-11T03:25:46.550+0000] {manager.py:997} INFO - 
================================================================================
DAG File Processing Stats

File Path                                PID    Runtime      # DAGs    # Errors  Last Runtime    Last Run               Last # of DB Queries
---------------------------------------  -----  ---------  --------  ----------  --------------  -------------------  ----------------------
/opt/airflow/dags/fuidp_pipeline_dag.py                           1           0  0.09s           2026-06-11T03:25:39                      10
================================================================================
[2026-06-11T03:26:16.828+0000] {manager.py:997} INFO - 
================================================================================
DAG File Processing Stats

File Path                                PID    Runtime      # DAGs    # Errors  Last Runtime    Last Run               Last # of DB Queries
---------------------------------------  -----  ---------  --------  ----------  --------------  -------------------  ----------------------
/opt/airflow/dags/fuidp_pipeline_dag.py                           1           0  0.09s           2026-06-11T03:26:09                      10
================================================================================
[2026-06-11T03:26:47.172+0000] {manager.py:997} INFO - 
================================================================================
DAG File Processing Stats

File Path                                PID    Runtime      # DAGs    # Errors  Last Runtime    Last Run               Last # of DB Queries
---------------------------------------  -----  ---------  --------  ----------  --------------  -------------------  ----------------------
/opt/airflow/dags/fuidp_pipeline_dag.py                           1           0  0.09s           2026-06-11T03:26:40                      10
================================================================================
[2026-06-11T03:26:56.266+0000] {manager.py:821} INFO - Searching for files in /opt/airflow/dags
[2026-06-11T03:26:56.283+0000] {manager.py:824} INFO - There are 1 files in /opt/airflow/dags
[2026-06-11T03:27:17.522+0000] {manager.py:997} INFO - 
================================================================================
DAG File Processing Stats

File Path                                PID    Runtime      # DAGs    # Errors  Last Runtime    Last Run               Last # of DB Queries
---------------------------------------  -----  ---------  --------  ----------  --------------  -------------------  ----------------------
/opt/airflow/dags/fuidp_pipeline_dag.py                           1           0  0.09s           2026-06-11T03:27:10                      10
================================================================================
[2026-06-11T03:27:47.865+0000] {manager.py:997} INFO - 
================================================================================
DAG File Processing Stats

File Path                                PID    Runtime      # DAGs    # Errors  Last Runtime    Last Run               Last # of DB Queries
---------------------------------------  -----  ---------  --------  ----------  --------------  -------------------  ----------------------
/opt/airflow/dags/fuidp_pipeline_dag.py                           1           0  0.09s           2026-06-11T03:27:40                      10
================================================================================
[2026-06-11T03:28:18.233+0000] {manager.py:997} INFO - 
================================================================================
DAG File Processing Stats

File Path                                PID    Runtime      # DAGs    # Errors  Last Runtime    Last Run               Last # of DB Queries
---------------------------------------  -----  ---------  --------  ----------  --------------  -------------------  ----------------------
/opt/airflow/dags/fuidp_pipeline_dag.py                           1           0  0.10s           2026-06-11T03:28:11                      10
================================================================================
[2026-06-11T03:28:48.549+0000] {manager.py:997} INFO - 
================================================================================
DAG File Processing Stats

File Path                                PID    Runtime      # DAGs    # Errors  Last Runtime    Last Run               Last # of DB Queries
---------------------------------------  -----  ---------  --------  ----------  --------------  -------------------  ----------------------
/opt/airflow/dags/fuidp_pipeline_dag.py                           1           0  0.09s           2026-06-11T03:28:41                      10
================================================================================
[2026-06-11T03:29:18.878+0000] {manager.py:997} INFO - 
================================================================================
DAG File Processing Stats

File Path                                PID    Runtime      # DAGs    # Errors  Last Runtime    Last Run               Last # of DB Queries
---------------------------------------  -----  ---------  --------  ----------  --------------  -------------------  ----------------------
/opt/airflow/dags/fuidp_pipeline_dag.py                           1           0  0.10s           2026-06-11T03:29:11                      10
================================================================================
[2026-06-11T03:29:49.152+0000] {manager.py:997} INFO - 
================================================================================
DAG File Processing Stats

File Path                                PID    Runtime      # DAGs    # Errors  Last Runtime    Last Run               Last # of DB Queries
---------------------------------------  -----  ---------  --------  ----------  --------------  -------------------  ----------------------
/opt/airflow/dags/fuidp_pipeline_dag.py                           1           0  0.10s           2026-06-11T03:29:42                      10
================================================================================
[2026-06-11T03:30:19.425+0000] {manager.py:997} INFO - 
================================================================================
DAG File Processing Stats

File Path                                PID    Runtime      # DAGs    # Errors  Last Runtime    Last Run               Last # of DB Queries
---------------------------------------  -----  ---------  --------  ----------  --------------  -------------------  ----------------------
/opt/airflow/dags/fuidp_pipeline_dag.py                           1           0  0.10s           2026-06-11T03:30:12                      10
================================================================================
[2026-06-11T03:30:49.691+0000] {manager.py:997} INFO - 
================================================================================
DAG File Processing Stats

File Path                                PID    Runtime      # DAGs    # Errors  Last Runtime    Last Run               Last # of DB Queries
---------------------------------------  -----  ---------  --------  ----------  --------------  -------------------  ----------------------
/opt/airflow/dags/fuidp_pipeline_dag.py                           1           0  0.09s           2026-06-11T03:30:42                      10
================================================================================
[2026-06-11T03:31:19.940+0000] {manager.py:997} INFO - 
================================================================================
DAG File Processing Stats

File Path                                PID    Runtime      # DAGs    # Errors  Last Runtime    Last Run               Last # of DB Queries
---------------------------------------  -----  ---------  --------  ----------  --------------  -------------------  ----------------------
/opt/airflow/dags/fuidp_pipeline_dag.py                           1           0  0.09s           2026-06-11T03:31:12                      10
================================================================================
[2026-06-11T03:31:44.078+0000] {manager.py:465} INFO - Exiting gracefully upon receiving signal 15
